Waiting for SYN on port 9001...
[DEBUG] Received SYN from 127.0.0.1:9000
[DEBUG] Sent SYN+ACK (attempt 1/5)
[DEBUG] Received ACK, handshake completed
Connection established with 127.0.0.1:9000
[DEBUG] Starting data reception - Window size: 32
[DUP] Duplicate packet seq=2357815918 (expected: 2357815944)
[DUP] Duplicate packet seq=2357815912 (expected: 2357815944)
[DUP] Duplicate packet seq=2357816055 (expected: 2357816064)
[DUP] Duplicate packet seq=2357816081 (expected: 2357816089)
[DUP] Duplicate packet seq=2357816350 (expected: 2357816361)
[DUP] Duplicate packet seq=2357816361 (expected: 2357816369)
[DUP] Duplicate packet seq=2357816729 (expected: 2357816749)
[DUP] Duplicate packet seq=2357816932 (expected: 2357816951)
[DUP] Duplicate packet seq=2357817034 (expected: 2357817044)
[DUP] Duplicate packet seq=2357817163 (expected: 2357817178)
[DUP] Duplicate packet seq=2357817178 (expected: 2357817186)
[DUP] Duplicate packet seq=2357817375 (expected: 2357817385)
[DUP] Duplicate packet seq=2357817619 (expected: 2357817634)
[DUP] Duplicate packet seq=2357818823 (expected: 2357818837)
[DUP] Duplicate packet seq=2357818853 (expected: 2357818858)
[DUP] Duplicate packet seq=2357818924 (expected: 2357818927)
[DUP] Duplicate packet seq=2357819046 (expected: 2357819056)
[DUP] Duplicate packet seq=2357819104 (expected: 2357819115)
[DUP] Duplicate packet seq=2357819265 (expected: 2357819282)
[DUP] Duplicate packet seq=2357819339 (expected: 2357819350)
[DUP] Duplicate packet seq=2357819485 (expected: 2357819502)
[DUP] Duplicate packet seq=2357819579 (expected: 2357819589)
[DUP] Duplicate packet seq=2357819589 (expected: 2357819595)
[DUP] Duplicate packet seq=2357819769 (expected: 2357819788)
[DEBUG] Received FIN
[DEBUG] Sent FIN+ACK (burst 1/3)
[DEBUG] Final ACK received, close handshake completed
[INFO] Transfer completed
[STATS] Total packets received: 4065
[STATS] Out-of-order packets: 407
[STATS] Duplicate packets: 24
Received 5898505 bytes in 26.395 s, avg throughput 0.213118 MiB/s
Waiting for SYN on port 9001...
[DEBUG] Received SYN from 127.0.0.1:9000
[DEBUG] Sent SYN+ACK (attempt 1/5)
[DEBUG] Received ACK, handshake completed
Connection established with 127.0.0.1:9000
[DEBUG] Starting data reception - Window size: 32
[DUP] Duplicate packet seq=2357868975 (expected: 2357869000)
[DUP] Duplicate packet seq=2357869000 (expected: 2357869016)
[DUP] Duplicate packet seq=2357869040 (expected: 2357869048)
[DUP] Duplicate packet seq=2357869366 (expected: 2357869368)
[DUP] Duplicate packet seq=2357869453 (expected: 2357869465)
[DUP] Duplicate packet seq=2357869454 (expected: 2357869465)
[DUP] Duplicate packet seq=2357869608 (expected: 2357869616)
[DUP] Duplicate packet seq=2357869923 (expected: 2357869927)
[DUP] Duplicate packet seq=2357870074 (expected: 2357870077)
[DUP] Duplicate packet seq=2357870090 (expected: 2357870096)
[DUP] Duplicate packet seq=2357870519 (expected: 2357870539)
[DUP] Duplicate packet seq=2357870539 (expected: 2357870550)
[DUP] Duplicate packet seq=2357870620 (expected: 2357870626)
[DUP] Duplicate packet seq=2357870674 (expected: 2357870684)
[DUP] Duplicate packet seq=2357871013 (expected: 2357871029)
[DUP] Duplicate packet seq=2357871083 (expected: 2357871097)
[DUP] Duplicate packet seq=2357871123 (expected: 2357871134)
[DUP] Duplicate packet seq=2357871475 (expected: 2357871485)
[DUP] Duplicate packet seq=2357871506 (expected: 2357871511)
[DUP] Duplicate packet seq=2357871798 (expected: 2357871815)
[DUP] Duplicate packet seq=2357871930 (expected: 2357871942)
[DUP] Duplicate packet seq=2357872012 (expected: 2357872020)
[DUP] Duplicate packet seq=2357872250 (expected: 2357872254)
[DUP] Duplicate packet seq=2357872277 (expected: 2357872283)
[DUP] Duplicate packet seq=2357872382 (expected: 2357872391)
[DUP] Duplicate packet seq=2357872391 (expected: 2357872397)
[DUP] Duplicate packet seq=2357872416 (expected: 2357872421)
[DUP] Duplicate packet seq=2357872507 (expected: 2357872515)
[DUP] Duplicate packet seq=2357872579 (expected: 2357872585)
[DUP] Duplicate packet seq=2357872669 (expected: 2357872675)
[DEBUG] Received FIN
[DEBUG] Sent FIN+ACK (burst 1/3)
[DEBUG] Final ACK received, close handshake completed
[INFO] Transfer completed
[STATS] Total packets received: 4071
[STATS] Out-of-order packets: 570
[STATS] Duplicate packets: 30
Received 5898505 bytes in 40.732 s, avg throughput 0.138104 MiB/s
Waiting for SYN on port 9001...
[DEBUG] Received SYN from 127.0.0.1:9000
[DEBUG] Sent SYN+ACK (attempt 1/5)
[DEBUG] Received ACK, handshake completed
Connection established with 127.0.0.1:9000
[DEBUG] Starting data reception - Window size: 32
[DUP] Duplicate packet seq=2358013650 (expected: 2358013659)
[DUP] Duplicate packet seq=2358013784 (expected: 2358013788)
[DUP] Duplicate packet seq=2358013814 (expected: 2358013818)
[DUP] Duplicate packet seq=2358013857 (expected: 2358013858)
[DUP] Duplicate packet seq=2358013877 (expected: 2358013882)
[DUP] Duplicate packet seq=2358013911 (expected: 2358013917)
[DUP] Duplicate packet seq=2358013957 (expected: 2358013965)
[DUP] Duplicate packet seq=2358014165 (expected: 2358014168)
[DUP] Duplicate packet seq=2358014225 (expected: 2358014231)
[DUP] Duplicate packet seq=2358014231 (expected: 2358014237)
[DUP] Duplicate packet seq=2358014353 (expected: 2358014369)
[DUP] Duplicate packet seq=2358014353 (expected: 2358014369)
[DUP] Duplicate packet seq=2358014747 (expected: 2358014748)
[DUP] Duplicate packet seq=2358014819 (expected: 2358014826)
[DUP] Duplicate packet seq=2358014855 (expected: 2358014863)
[DUP] Duplicate packet seq=2358014952 (expected: 2358014956)
[DUP] Duplicate packet seq=2358014992 (expected: 2358015000)
[DUP] Duplicate packet seq=2358015012 (expected: 2358015018)
[DUP] Duplicate packet seq=2358015060 (expected: 2358015065)
[DUP] Duplicate packet seq=2358015104 (expected: 2358015109)
[DUP] Duplicate packet seq=2358015154 (expected: 2358015160)
[DUP] Duplicate packet seq=2358015572 (expected: 2358015583)
[DUP] Duplicate packet seq=2358015582 (expected: 2358015588)
[DUP] Duplicate packet seq=2358015588 (expected: 2358015592)
[DUP] Duplicate packet seq=2358015608 (expected: 2358015614)
[DUP] Duplicate packet seq=2358015646 (expected: 2358015654)
[DUP] Duplicate packet seq=2358015671 (expected: 2358015672)
[DUP] Duplicate packet seq=2358015739 (expected: 2358015747)
[DUP] Duplicate packet seq=2358015746 (expected: 2358015751)
[DUP] Duplicate packet seq=2358015755 (expected: 2358015760)
[DUP] Duplicate packet seq=2358015923 (expected: 2358015927)
[DUP] Duplicate packet seq=2358016000 (expected: 2358016005)
[DUP] Duplicate packet seq=2358016024 (expected: 2358016028)
[DUP] Duplicate packet seq=2358016031 (expected: 2358016035)
[DUP] Duplicate packet seq=2358016210 (expected: 2358016218)
[DUP] Duplicate packet seq=2358016247 (expected: 2358016253)
[DUP] Duplicate packet seq=2358016368 (expected: 2358016374)
[DUP] Duplicate packet seq=2358016470 (expected: 2358016473)
[DUP] Duplicate packet seq=2358016622 (expected: 2358016629)
[DUP] Duplicate packet seq=2358016664 (expected: 2358016670)
[DUP] Duplicate packet seq=2358016683 (expected: 2358016687)
[DUP] Duplicate packet seq=2358016767 (expected: 2358016780)
[DUP] Duplicate packet seq=2358016834 (expected: 2358016846)
[DUP] Duplicate packet seq=2358016927 (expected: 2358016931)
[DUP] Duplicate packet seq=2358017075 (expected: 2358017086)
[DUP] Duplicate packet seq=2358017091 (expected: 2358017098)
[DUP] Duplicate packet seq=2358017125 (expected: 2358017128)
[DUP] Duplicate packet seq=2358017129 (expected: 2358017132)
[DUP] Duplicate packet seq=2358017218 (expected: 2358017220)
[DUP] Duplicate packet seq=2358017244 (expected: 2358017247)
[DUP] Duplicate packet seq=2358017451 (expected: 2358017469)
[DUP] Duplicate packet seq=2358017545 (expected: 2358017558)
[DEBUG] Received FIN
[DEBUG] Sent FIN+ACK (burst 1/3)
[DEBUG] Final ACK received, close handshake completed
[INFO] Transfer completed
[STATS] Total packets received: 4093
[STATS] Out-of-order packets: 757
[STATS] Duplicate packets: 52
Received 5898505 bytes in 53.788 s, avg throughput 0.104582 MiB/s
Waiting for SYN on port 9001...
[DEBUG] Received SYN from 127.0.0.1:9000
[DEBUG] Sent SYN+ACK (attempt 1/5)
[DEBUG] Received ACK, handshake completed
Connection established with 127.0.0.1:9000
[DEBUG] Starting data reception - Window size: 32
[DUP] Duplicate packet seq=2358119293 (expected: 2358119297)
[DUP] Duplicate packet seq=2358119392 (expected: 2358119394)
[DUP] Duplicate packet seq=2358119506 (expected: 2358119507)
[DUP] Duplicate packet seq=2358119507 (expected: 2358119517)
[DUP] Duplicate packet seq=2358119533 (expected: 2358119535)
[DUP] Duplicate packet seq=2358119737 (expected: 2358119744)
[DUP] Duplicate packet seq=2358119856 (expected: 2358119867)
[DUP] Duplicate packet seq=2358120052 (expected: 2358120056)
[DUP] Duplicate packet seq=2358120083 (expected: 2358120090)
[DUP] Duplicate packet seq=2358120205 (expected: 2358120209)
[DUP] Duplicate packet seq=2358120288 (expected: 2358120298)
[DUP] Duplicate packet seq=2358120337 (expected: 2358120342)
[DUP] Duplicate packet seq=2358120391 (expected: 2358120400)
[DUP] Duplicate packet seq=2358120455 (expected: 2358120460)
[DUP] Duplicate packet seq=2358120476 (expected: 2358120480)
[DUP] Duplicate packet seq=2358120491 (expected: 2358120497)
[DUP] Duplicate packet seq=2358120511 (expected: 2358120517)
[DUP] Duplicate packet seq=2358120554 (expected: 2358120561)
[DUP] Duplicate packet seq=2358120575 (expected: 2358120576)
[DUP] Duplicate packet seq=2358120689 (expected: 2358120691)
[DUP] Duplicate packet seq=2358120737 (expected: 2358120739)
[DUP] Duplicate packet seq=2358120770 (expected: 2358120780)
[DUP] Duplicate packet seq=2358120822 (expected: 2358120831)
[DUP] Duplicate packet seq=2358120949 (expected: 2358120953)
[DUP] Duplicate packet seq=2358120953 (expected: 2358120958)
[DUP] Duplicate packet seq=2358120972 (expected: 2358120978)
[DUP] Duplicate packet seq=2358121015 (expected: 2358121019)
[DUP] Duplicate packet seq=2358121036 (expected: 2358121042)
[DUP] Duplicate packet seq=2358121092 (expected: 2358121099)
[DUP] Duplicate packet seq=2358121099 (expected: 2358121103)
[DUP] Duplicate packet seq=2358121127 (expected: 2358121132)
[DUP] Duplicate packet seq=2358121138 (expected: 2358121143)
[DUP] Duplicate packet seq=2358121349 (expected: 2358121356)
[DUP] Duplicate packet seq=2358121467 (expected: 2358121479)
[DUP] Duplicate packet seq=2358121479 (expected: 2358121483)
[DUP] Duplicate packet seq=2358121737 (expected: 2358121748)
[DUP] Duplicate packet seq=2358121927 (expected: 2358121929)
[DUP] Duplicate packet seq=2358121957 (expected: 2358121963)
[DUP] Duplicate packet seq=2358121980 (expected: 2358121983)
[DUP] Duplicate packet seq=2358122004 (expected: 2358122010)
[DUP] Duplicate packet seq=2358122145 (expected: 2358122154)
[DUP] Duplicate packet seq=2358122236 (expected: 2358122242)
[DUP] Duplicate packet seq=2358122269 (expected: 2358122275)
[DUP] Duplicate packet seq=2358122435 (expected: 2358122443)
[DUP] Duplicate packet seq=2358122597 (expected: 2358122599)
[DUP] Duplicate packet seq=2358122611 (expected: 2358122615)
[DUP] Duplicate packet seq=2358122640 (expected: 2358122647)
[DUP] Duplicate packet seq=2358122787 (expected: 2358122789)
[DUP] Duplicate packet seq=2358122821 (expected: 2358122828)
[DUP] Duplicate packet seq=2358122960 (expected: 2358122964)
[DUP] Duplicate packet seq=2358123010 (expected: 2358123017)
[DUP] Duplicate packet seq=2358123084 (expected: 2358123092)
[DUP] Duplicate packet seq=2358123104 (expected: 2358123112)
[DUP] Duplicate packet seq=2358123126 (expected: 2358123132)
[DUP] Duplicate packet seq=2358123158 (expected: 2358123162)
[DUP] Duplicate packet seq=2358123189 (expected: 2358123193)
[DUP] Duplicate packet seq=2358123241 (expected: 2358123246)
[DEBUG] Received FIN
[DEBUG] Sent FIN+ACK (burst 1/3)
[DEBUG] Final ACK received, close handshake completed
[INFO] Transfer completed
[STATS] Total packets received: 4098
[STATS] Out-of-order packets: 805
[STATS] Duplicate packets: 57
Received 5898505 bytes in 79.214 s, avg throughput 0.0710134 MiB/s
Waiting for SYN on port 9001...
[DEBUG] Received SYN from 127.0.0.1:9000
[DEBUG] Sent SYN+ACK (attempt 1/5)
[DEBUG] Received ACK, handshake completed
Connection established with 127.0.0.1:9000
[DEBUG] Starting data reception - Window size: 32
[DUP] Duplicate packet seq=2358233690 (expected: 2358233697)
[DUP] Duplicate packet seq=2358233736 (expected: 2358233741)
[DUP] Duplicate packet seq=2358233770 (expected: 2358233776)
[DUP] Duplicate packet seq=2358233793 (expected: 2358233798)
[DUP] Duplicate packet seq=2358233825 (expected: 2358233830)
[DUP] Duplicate packet seq=2358233825 (expected: 2358233830)
[DUP] Duplicate packet seq=2358233902 (expected: 2358233910)
[DUP] Duplicate packet seq=2358234022 (expected: 2358234025)
[DUP] Duplicate packet seq=2358234069 (expected: 2358234077)
[DUP] Duplicate packet seq=2358234078 (expected: 2358234082)
[DUP] Duplicate packet seq=2358234163 (expected: 2358234169)
[DUP] Duplicate packet seq=2358234443 (expected: 2358234448)
[DUP] Duplicate packet seq=2358234516 (expected: 2358234518)
[DUP] Duplicate packet seq=2358234638 (expected: 2358234647)
[DUP] Duplicate packet seq=2358234705 (expected: 2358234711)
[DUP] Duplicate packet seq=2358234732 (expected: 2358234735)
[DUP] Duplicate packet seq=2358234801 (expected: 2358234803)
[DUP] Duplicate packet seq=2358234871 (expected: 2358234874)
[DUP] Duplicate packet seq=2358234922 (expected: 2358234932)
[DUP] Duplicate packet seq=2358234924 (expected: 2358234932)
[DUP] Duplicate packet seq=2358235004 (expected: 2358235016)
[DUP] Duplicate packet seq=2358235150 (expected: 2358235158)
[DUP] Duplicate packet seq=2358235247 (expected: 2358235251)
[DUP] Duplicate packet seq=2358235256 (expected: 2358235258)
[DUP] Duplicate packet seq=2358235287 (expected: 2358235290)
[DUP] Duplicate packet seq=2358235334 (expected: 2358235340)
[DUP] Duplicate packet seq=2358235356 (expected: 2358235362)
[DUP] Duplicate packet seq=2358235561 (expected: 2358235567)
[DUP] Duplicate packet seq=2358235729 (expected: 2358235734)
[DUP] Duplicate packet seq=2358235912 (expected: 2358235918)
[DUP] Duplicate packet seq=2358235918 (expected: 2358235931)
[DUP] Duplicate packet seq=2358235969 (expected: 2358235975)
[DUP] Duplicate packet seq=2358236056 (expected: 2358236059)
[DUP] Duplicate packet seq=2358236160 (expected: 2358236164)
[DUP] Duplicate packet seq=2358236164 (expected: 2358236166)
[DUP] Duplicate packet seq=2358236271 (expected: 2358236274)
[DUP] Duplicate packet seq=2358236291 (expected: 2358236296)
[DUP] Duplicate packet seq=2358236393 (expected: 2358236396)
[DUP] Duplicate packet seq=2358236404 (expected: 2358236408)
[DUP] Duplicate packet seq=2358236434 (expected: 2358236441)
[DUP] Duplicate packet seq=2358236456 (expected: 2358236459)
[DUP] Duplicate packet seq=2358236590 (expected: 2358236595)
[DUP] Duplicate packet seq=2358236659 (expected: 2358236667)
[DUP] Duplicate packet seq=2358236676 (expected: 2358236681)
[DUP] Duplicate packet seq=2358236748 (expected: 2358236763)
[DUP] Duplicate packet seq=2358236766 (expected: 2358236774)
[DUP] Duplicate packet seq=2358236794 (expected: 2358236800)
[DUP] Duplicate packet seq=2358236851 (expected: 2358236857)
[DUP] Duplicate packet seq=2358236890 (expected: 2358236891)
[DUP] Duplicate packet seq=2358236961 (expected: 2358236966)
[DUP] Duplicate packet seq=2358237075 (expected: 2358237078)
[DUP] Duplicate packet seq=2358237101 (expected: 2358237102)
[DUP] Duplicate packet seq=2358237123 (expected: 2358237127)
[DUP] Duplicate packet seq=2358237217 (expected: 2358237226)
[DUP] Duplicate packet seq=2358237244 (expected: 2358237249)
[DUP] Duplicate packet seq=2358237433 (expected: 2358237441)
[DUP] Duplicate packet seq=2358237455 (expected: 2358237461)
[DUP] Duplicate packet seq=2358237483 (expected: 2358237488)
[DUP] Duplicate packet seq=2358237507 (expected: 2358237514)
[DUP] Duplicate packet seq=2358237569 (expected: 2358237572)
[DUP] Duplicate packet seq=2358237581 (expected: 2358237585)
[DUP] Duplicate packet seq=2358237599 (expected: 2358237603)
[DUP] Duplicate packet seq=2358237639 (expected: 2358237646)
[DEBUG] Received FIN
[DEBUG] Sent FIN+ACK (burst 1/3)
[DEBUG] Sent FIN+ACK (burst 2/3)
[DEBUG] Final ACK received, close handshake completed
[INFO] Transfer completed
[STATS] Total packets received: 4104
[STATS] Out-of-order packets: 931
[STATS] Duplicate packets: 63
Received 5898505 bytes in 104.95 s, avg throughput 0.0535994 MiB/s
Waiting for SYN on port 9001...
[DEBUG] Received SYN from 127.0.0.1:9000
[DEBUG] Sent SYN+ACK (attempt 1/5)
[DEBUG] Received ACK, handshake completed
Connection established with 127.0.0.1:9000
[DEBUG] Starting data reception - Window size: 32
[DUP] Duplicate packet seq=2358376382 (expected: 2358376386)
[DUP] Duplicate packet seq=2358376407 (expected: 2358376413)
[DUP] Duplicate packet seq=2358376434 (expected: 2358376438)
[DUP] Duplicate packet seq=2358376468 (expected: 2358376475)
[DUP] Duplicate packet seq=2358376497 (expected: 2358376498)
[DUP] Duplicate packet seq=2358376588 (expected: 2358376593)
[DUP] Duplicate packet seq=2358376612 (expected: 2358376616)
[DUP] Duplicate packet seq=2358376634 (expected: 2358376637)
[DUP] Duplicate packet seq=2358376666 (expected: 2358376667)
[DUP] Duplicate packet seq=2358376667 (expected: 2358376671)
[DUP] Duplicate packet seq=2358376945 (expected: 2358376952)
[DUP] Duplicate packet seq=2358377128 (expected: 2358377131)
[DUP] Duplicate packet seq=2358377149 (expected: 2358377155)
[DUP] Duplicate packet seq=2358377159 (expected: 2358377163)
[DUP] Duplicate packet seq=2358377232 (expected: 2358377235)
[DUP] Duplicate packet seq=2358377249 (expected: 2358377254)
[DUP] Duplicate packet seq=2358377354 (expected: 2358377360)
[DUP] Duplicate packet seq=2358377364 (expected: 2358377367)
[DUP] Duplicate packet seq=2358377367 (expected: 2358377370)
[DUP] Duplicate packet seq=2358377421 (expected: 2358377430)
[DUP] Duplicate packet seq=2358377458 (expected: 2358377464)
[DUP] Duplicate packet seq=2358377585 (expected: 2358377596)
[DUP] Duplicate packet seq=2358377613 (expected: 2358377620)
[DUP] Duplicate packet seq=2358377633 (expected: 2358377637)
[DUP] Duplicate packet seq=2358377689 (expected: 2358377690)
[DUP] Duplicate packet seq=2358377702 (expected: 2358377707)
[DUP] Duplicate packet seq=2358377743 (expected: 2358377747)
[DUP] Duplicate packet seq=2358377765 (expected: 2358377770)
[DUP] Duplicate packet seq=2358377803 (expected: 2358377813)
[DUP] Duplicate packet seq=2358377818 (expected: 2358377819)
[DUP] Duplicate packet seq=2358377871 (expected: 2358377878)
[DUP] Duplicate packet seq=2358378151 (expected: 2358378153)
[DUP] Duplicate packet seq=2358378167 (expected: 2358378169)
[DUP] Duplicate packet seq=2358378190 (expected: 2358378191)
[DUP] Duplicate packet seq=2358378191 (expected: 2358378195)
[DUP] Duplicate packet seq=2358378208 (expected: 2358378214)
[DUP] Duplicate packet seq=2358378251 (expected: 2358378252)
[DUP] Duplicate packet seq=2358378292 (expected: 2358378293)
[DUP] Duplicate packet seq=2358378330 (expected: 2358378335)
[DUP] Duplicate packet seq=2358378374 (expected: 2358378383)
[DUP] Duplicate packet seq=2358378498 (expected: 2358378499)
[DUP] Duplicate packet seq=2358378502 (expected: 2358378503)
[DUP] Duplicate packet seq=2358378636 (expected: 2358378641)
[DUP] Duplicate packet seq=2358378715 (expected: 2358378717)
[DUP] Duplicate packet seq=2358378887 (expected: 2358378892)
[DUP] Duplicate packet seq=2358378893 (expected: 2358378896)
[DUP] Duplicate packet seq=2358378924 (expected: 2358378931)
[DUP] Duplicate packet seq=2358379196 (expected: 2358379200)
[DUP] Duplicate packet seq=2358379230 (expected: 2358379237)
[DUP] Duplicate packet seq=2358379301 (expected: 2358379306)
[DUP] Duplicate packet seq=2358379365 (expected: 2358379374)
[DUP] Duplicate packet seq=2358379479 (expected: 2358379485)
[DUP] Duplicate packet seq=2358379502 (expected: 2358379507)
[DUP] Duplicate packet seq=2358379523 (expected: 2358379529)
[DUP] Duplicate packet seq=2358379537 (expected: 2358379543)
[DUP] Duplicate packet seq=2358379571 (expected: 2358379573)
[DUP] Duplicate packet seq=2358379598 (expected: 2358379602)
[DUP] Duplicate packet seq=2358379648 (expected: 2358379653)
[DUP] Duplicate packet seq=2358379672 (expected: 2358379673)
[DUP] Duplicate packet seq=2358379744 (expected: 2358379751)
[DUP] Duplicate packet seq=2358379783 (expected: 2358379789)
[DUP] Duplicate packet seq=2358379796 (expected: 2358379799)
[DUP] Duplicate packet seq=2358379826 (expected: 2358379831)
[DUP] Duplicate packet seq=2358379859 (expected: 2358379867)
[DUP] Duplicate packet seq=2358379923 (expected: 2358379933)
[DUP] Duplicate packet seq=2358379956 (expected: 2358379958)
[DUP] Duplicate packet seq=2358380052 (expected: 2358380054)
[DUP] Duplicate packet seq=2358380072 (expected: 2358380077)
[DUP] Duplicate packet seq=2358380131 (expected: 2358380137)
[DUP] Duplicate packet seq=2358380152 (expected: 2358380158)
[DUP] Duplicate packet seq=2358380239 (expected: 2358380246)
[DUP] Duplicate packet seq=2358380287 (expected: 2358380290)
[DEBUG] Received FIN
[DEBUG] Sent FIN+ACK (burst 1/3)
[DEBUG] Final ACK received, close handshake completed
[INFO] Transfer completed
[STATS] Total packets received: 4113
[STATS] Out-of-order packets: 888
[STATS] Duplicate packets: 72
Received 5898505 bytes in 105.166 s, avg throughput 0.0534893 MiB/s
Waiting for SYN on port 9001...
[DEBUG] Received SYN from 127.0.0.1:9000
[DEBUG] Sent SYN+ACK (attempt 1/5)
[DEBUG] Received ACK, handshake completed
Connection established with 127.0.0.1:9000
[DEBUG] Starting data reception - Window size: 32
[DUP] Duplicate packet seq=2358545762 (expected: 2358545792)
[DUP] Duplicate packet seq=2358545811 (expected: 2358545823)
[DUP] Duplicate packet seq=2358545849 (expected: 2358545852)
[DUP] Duplicate packet seq=2358545989 (expected: 2358545991)
[DUP] Duplicate packet seq=2358546114 (expected: 2358546118)
[DUP] Duplicate packet seq=2358546181 (expected: 2358546185)
[DUP] Duplicate packet seq=2358546181 (expected: 2358546185)
[DUP] Duplicate packet seq=2358546375 (expected: 2358546380)
[DUP] Duplicate packet seq=2358546402 (expected: 2358546406)
[DUP] Duplicate packet seq=2358546466 (expected: 2358546469)
[DUP] Duplicate packet seq=2358546492 (expected: 2358546495)
[DUP] Duplicate packet seq=2358546822 (expected: 2358546833)
[DUP] Duplicate packet seq=2358546863 (expected: 2358546867)
[DUP] Duplicate packet seq=2358546975 (expected: 2358546982)
[DUP] Duplicate packet seq=2358547029 (expected: 2358547034)
[DUP] Duplicate packet seq=2358547042 (expected: 2358547047)
[DUP] Duplicate packet seq=2358547108 (expected: 2358547115)
[DUP] Duplicate packet seq=2358547138 (expected: 2358547143)
[DUP] Duplicate packet seq=2358547148 (expected: 2358547153)
[DUP] Duplicate packet seq=2358547170 (expected: 2358547182)
[DUP] Duplicate packet seq=2358547188 (expected: 2358547189)
[DUP] Duplicate packet seq=2358547187 (expected: 2358547189)
[DUP] Duplicate packet seq=2358547202 (expected: 2358547208)
[DUP] Duplicate packet seq=2358547232 (expected: 2358547234)
[DUP] Duplicate packet seq=2358547247 (expected: 2358547253)
[DUP] Duplicate packet seq=2358547266 (expected: 2358547272)
[DUP] Duplicate packet seq=2358547298 (expected: 2358547304)
[DUP] Duplicate packet seq=2358547346 (expected: 2358547353)
[DUP] Duplicate packet seq=2358547404 (expected: 2358547406)
[DUP] Duplicate packet seq=2358547404 (expected: 2358547406)
[DUP] Duplicate packet seq=2358547404 (expected: 2358547406)
[DUP] Duplicate packet seq=2358547475 (expected: 2358547478)
[DUP] Duplicate packet seq=2358547539 (expected: 2358547544)
[DUP] Duplicate packet seq=2358547553 (expected: 2358547558)
[DUP] Duplicate packet seq=2358547670 (expected: 2358547676)
[DUP] Duplicate packet seq=2358547735 (expected: 2358547737)
[DUP] Duplicate packet seq=2358547762 (expected: 2358547768)
[DUP] Duplicate packet seq=2358547828 (expected: 2358547836)
[DUP] Duplicate packet seq=2358547851 (expected: 2358547857)
[DUP] Duplicate packet seq=2358547863 (expected: 2358547867)
[DUP] Duplicate packet seq=2358547926 (expected: 2358547932)
[DUP] Duplicate packet seq=2358547973 (expected: 2358547977)
[DUP] Duplicate packet seq=2358547999 (expected: 2358548014)
[DUP] Duplicate packet seq=2358548210 (expected: 2358548216)
[DUP] Duplicate packet seq=2358548295 (expected: 2358548297)
[DUP] Duplicate packet seq=2358548321 (expected: 2358548325)
[DUP] Duplicate packet seq=2358548358 (expected: 2358548360)
[DUP] Duplicate packet seq=2358548429 (expected: 2358548435)
[DUP] Duplicate packet seq=2358548442 (expected: 2358548445)
[DUP] Duplicate packet seq=2358548444 (expected: 2358548446)
[DUP] Duplicate packet seq=2358548524 (expected: 2358548529)
[DUP] Duplicate packet seq=2358548561 (expected: 2358548565)
[DUP] Duplicate packet seq=2358548708 (expected: 2358548715)
[DUP] Duplicate packet seq=2358548763 (expected: 2358548768)
[DUP] Duplicate packet seq=2358548878 (expected: 2358548887)
[DUP] Duplicate packet seq=2358548917 (expected: 2358548927)
[DUP] Duplicate packet seq=2358548970 (expected: 2358548974)
[DUP] Duplicate packet seq=2358548986 (expected: 2358548990)
[DUP] Duplicate packet seq=2358549034 (expected: 2358549043)
[DUP] Duplicate packet seq=2358549120 (expected: 2358549131)
[DUP] Duplicate packet seq=2358549153 (expected: 2358549157)
[DUP] Duplicate packet seq=2358549198 (expected: 2358549203)
[DUP] Duplicate packet seq=2358549290 (expected: 2358549293)
[DUP] Duplicate packet seq=2358549302 (expected: 2358549307)
[DUP] Duplicate packet seq=2358549344 (expected: 2358549345)
[DUP] Duplicate packet seq=2358549354 (expected: 2358549355)
[DUP] Duplicate packet seq=2358549389 (expected: 2358549395)
[DUP] Duplicate packet seq=2358549443 (expected: 2358549449)
[DUP] Duplicate packet seq=2358549550 (expected: 2358549556)
[DUP] Duplicate packet seq=2358549579 (expected: 2358549583)
[DUP] Duplicate packet seq=2358549595 (expected: 2358549600)
[DUP] Duplicate packet seq=2358549623 (expected: 2358549626)
[DUP] Duplicate packet seq=2358549656 (expected: 2358549661)
[DEBUG] Received FIN
[DEBUG] Sent FIN+ACK (burst 1/3)
[DEBUG] Final ACK received, close handshake completed
[INFO] Transfer completed
[STATS] Total packets received: 4114
[STATS] Out-of-order packets: 964
[STATS] Duplicate packets: 73
Received 5898505 bytes in 110.994 s, avg throughput 0.0506807 MiB/s
Waiting for SYN on port 9001...
[DEBUG] Received SYN from 127.0.0.1:9000
[DEBUG] Sent SYN+ACK (attempt 1/5)
[DEBUG] Received ACK, handshake completed
Connection established with 127.0.0.1:9000
[DEBUG] Starting data reception - Window size: 32
[DUP] Duplicate packet seq=2358892199 (expected: 2358892202)
[DUP] Duplicate packet seq=2358892264 (expected: 2358892265)
[DUP] Duplicate packet seq=2358892270 (expected: 2358892271)
[DUP] Duplicate packet seq=2358892272 (expected: 2358892275)
[DUP] Duplicate packet seq=2358892272 (expected: 2358892275)
[DUP] Duplicate packet seq=2358892296 (expected: 2358892300)
[DUP] Duplicate packet seq=2358892303 (expected: 2358892306)
[DUP] Duplicate packet seq=2358892306 (expected: 2358892309)
[DUP] Duplicate packet seq=2358892388 (expected: 2358892391)
[DUP] Duplicate packet seq=2358892397 (expected: 2358892398)
[DUP] Duplicate packet seq=2358892729 (expected: 2358892732)
[DUP] Duplicate packet seq=2358892765 (expected: 2358892769)
[DUP] Duplicate packet seq=2358892861 (expected: 2358892862)
[DUP] Duplicate packet seq=2358892869 (expected: 2358892873)
[DUP] Duplicate packet seq=2358892901 (expected: 2358892905)
[DUP] Duplicate packet seq=2358892917 (expected: 2358892923)
[DUP] Duplicate packet seq=2358892959 (expected: 2358892964)
[DUP] Duplicate packet seq=2358892994 (expected: 2358892999)
[DUP] Duplicate packet seq=2358893027 (expected: 2358893029)
[DUP] Duplicate packet seq=2358893049 (expected: 2358893051)
[DUP] Duplicate packet seq=2358893221 (expected: 2358893224)
[DUP] Duplicate packet seq=2358893233 (expected: 2358893243)
[DUP] Duplicate packet seq=2358893298 (expected: 2358893306)
[DUP] Duplicate packet seq=2358893404 (expected: 2358893406)
[DUP] Duplicate packet seq=2358893413 (expected: 2358893418)
[DUP] Duplicate packet seq=2358893413 (expected: 2358893418)
[DUP] Duplicate packet seq=2358893422 (already buffered)
[DUP] Duplicate packet seq=2358893427 (expected: 2358893428)
[DUP] Duplicate packet seq=2358893434 (expected: 2358893438)
[DUP] Duplicate packet seq=2358893499 (expected: 2358893503)
[DUP] Duplicate packet seq=2358893517 (expected: 2358893519)
[DUP] Duplicate packet seq=2358893687 (expected: 2358893691)
[DUP] Duplicate packet seq=2358893876 (expected: 2358893885)
[DUP] Duplicate packet seq=2358893910 (expected: 2358893915)
[DUP] Duplicate packet seq=2358893944 (expected: 2358893949)
[DUP] Duplicate packet seq=2358894028 (expected: 2358894032)
[DUP] Duplicate packet seq=2358894178 (expected: 2358894179)
[DUP] Duplicate packet seq=2358894187 (expected: 2358894188)
[DUP] Duplicate packet seq=2358894206 (expected: 2358894210)
[DUP] Duplicate packet seq=2358894216 (expected: 2358894220)
[DUP] Duplicate packet seq=2358894285 (expected: 2358894289)
[DUP] Duplicate packet seq=2358894369 (expected: 2358894374)
[DUP] Duplicate packet seq=2358894465 (expected: 2358894468)
[DUP] Duplicate packet seq=2358894500 (expected: 2358894503)
[DUP] Duplicate packet seq=2358894503 (expected: 2358894505)
[DUP] Duplicate packet seq=2358894519 (expected: 2358894522)
[DUP] Duplicate packet seq=2358894635 (expected: 2358894641)
[DUP] Duplicate packet seq=2358894663 (expected: 2358894668)
[DUP] Duplicate packet seq=2358894677 (expected: 2358894682)
[DUP] Duplicate packet seq=2358894705 (expected: 2358894706)
[DUP] Duplicate packet seq=2358894727 (expected: 2358894729)
[DUP] Duplicate packet seq=2358894730 (expected: 2358894733)
[DUP] Duplicate packet seq=2358894773 (expected: 2358894780)
[DUP] Duplicate packet seq=2358894794 (expected: 2358894797)
[DUP] Duplicate packet seq=2358894876 (expected: 2358894879)
[DUP] Duplicate packet seq=2358894902 (expected: 2358894904)
[DUP] Duplicate packet seq=2358894922 (expected: 2358894928)
[DUP] Duplicate packet seq=2358894983 (expected: 2358894988)
[DUP] Duplicate packet seq=2358895036 (expected: 2358895042)
[DUP] Duplicate packet seq=2358895076 (expected: 2358895077)
[DUP] Duplicate packet seq=2358895077 (expected: 2358895079)
[DUP] Duplicate packet seq=2358895186 (expected: 2358895191)
[DUP] Duplicate packet seq=2358895271 (expected: 2358895272)
[DUP] Duplicate packet seq=2358895323 (expected: 2358895327)
[DUP] Duplicate packet seq=2358895336 (expected: 2358895338)
[DUP] Duplicate packet seq=2358895339 (expected: 2358895342)
[DUP] Duplicate packet seq=2358895372 (expected: 2358895373)
[DUP] Duplicate packet seq=2358895456 (expected: 2358895462)
[DUP] Duplicate packet seq=2358895463 (expected: 2358895467)
[DUP] Duplicate packet seq=2358895513 (expected: 2358895515)
[DUP] Duplicate packet seq=2358895603 (expected: 2358895609)
[DUP] Duplicate packet seq=2358895645 (expected: 2358895650)
[DUP] Duplicate packet seq=2358895665 (expected: 2358895666)
[DUP] Duplicate packet seq=2358895931 (expected: 2358895939)
[DUP] Duplicate packet seq=2358895986 (expected: 2358895987)
[DUP] Duplicate packet seq=2358896107 (expected: 2358896111)
[DUP] Duplicate packet seq=2358896124 (expected: 2358896128)
[DEBUG] Received FIN
[DEBUG] Sent FIN+ACK (burst 1/3)
[DEBUG] Final ACK received, close handshake completed
[INFO] Transfer completed
[STATS] Total packets received: 4118
[STATS] Out-of-order packets: 1077
[STATS] Duplicate packets: 77
Received 5898505 bytes in 174.246 s, avg throughput 0.0322834 MiB/s
Waiting for SYN on port 9001...
[DEBUG] Received SYN from 127.0.0.1:9000
[DEBUG] Sent SYN+ACK (attempt 1/5)
[DEBUG] Received ACK, handshake completed
Connection established with 127.0.0.1:9000
[DEBUG] Starting data reception - Window size: 32
[DUP] Duplicate packet seq=2359128581 (expected: 2359128584)
[DUP] Duplicate packet seq=2359128585 (expected: 2359128588)
[DUP] Duplicate packet seq=2359128606 (expected: 2359128610)
[DUP] Duplicate packet seq=2359128630 (expected: 2359128631)
[DUP] Duplicate packet seq=2359128660 (expected: 2359128665)
[DUP] Duplicate packet seq=2359128831 (expected: 2359128833)
[DUP] Duplicate packet seq=2359128868 (expected: 2359128874)
[DUP] Duplicate packet seq=2359128876 (expected: 2359128880)
[DUP] Duplicate packet seq=2359128893 (expected: 2359128895)
[DUP] Duplicate packet seq=2359128939 (expected: 2359128940)
[DUP] Duplicate packet seq=2359128968 (expected: 2359128971)
[DUP] Duplicate packet seq=2359129041 (expected: 2359129049)
[DUP] Duplicate packet seq=2359129090 (expected: 2359129094)
[DUP] Duplicate packet seq=2359129121 (expected: 2359129127)
[DUP] Duplicate packet seq=2359129328 (expected: 2359129329)
[DUP] Duplicate packet seq=2359129401 (expected: 2359129407)
[DUP] Duplicate packet seq=2359129446 (expected: 2359129452)
[DUP] Duplicate packet seq=2359129456 (expected: 2359129458)
[DUP] Duplicate packet seq=2359129476 (expected: 2359129479)
[DUP] Duplicate packet seq=2359129479 (expected: 2359129482)
[DUP] Duplicate packet seq=2359129555 (expected: 2359129559)
[DUP] Duplicate packet seq=2359129614 (expected: 2359129617)
[DUP] Duplicate packet seq=2359129646 (expected: 2359129648)
[DUP] Duplicate packet seq=2359129648 (expected: 2359129651)
[DUP] Duplicate packet seq=2359129686 (expected: 2359129692)
[DUP] Duplicate packet seq=2359129713 (expected: 2359129726)
[DUP] Duplicate packet seq=2359129826 (expected: 2359129827)
[DUP] Duplicate packet seq=2359129943 (expected: 2359129946)
[DUP] Duplicate packet seq=2359129968 (expected: 2359129975)
[DUP] Duplicate packet seq=2359130006 (expected: 2359130011)
[DUP] Duplicate packet seq=2359130022 (expected: 2359130027)
[DUP] Duplicate packet seq=2359130056 (expected: 2359130060)
[DUP] Duplicate packet seq=2359130100 (expected: 2359130101)
[DUP] Duplicate packet seq=2359130115 (expected: 2359130117)
[DUP] Duplicate packet seq=2359130193 (expected: 2359130196)
[DUP] Duplicate packet seq=2359130235 (expected: 2359130240)
[DUP] Duplicate packet seq=2359130257 (expected: 2359130266)
[DUP] Duplicate packet seq=2359130266 (expected: 2359130269)
[DUP] Duplicate packet seq=2359130329 (expected: 2359130334)
[DUP] Duplicate packet seq=2359130383 (expected: 2359130389)
[DUP] Duplicate packet seq=2359130460 (expected: 2359130461)
[DUP] Duplicate packet seq=2359130513 (expected: 2359130515)
[DUP] Duplicate packet seq=2359130537 (expected: 2359130539)
[DUP] Duplicate packet seq=2359130579 (expected: 2359130588)
[DUP] Duplicate packet seq=2359130595 (expected: 2359130596)
[DUP] Duplicate packet seq=2359130633 (expected: 2359130639)
[DUP] Duplicate packet seq=2359130683 (expected: 2359130690)
[DUP] Duplicate packet seq=2359130747 (expected: 2359130750)
[DUP] Duplicate packet seq=2359130802 (expected: 2359130810)
[DUP] Duplicate packet seq=2359130823 (expected: 2359130829)
[DUP] Duplicate packet seq=2359130953 (expected: 2359130954)
[DUP] Duplicate packet seq=2359131022 (expected: 2359131027)
[DUP] Duplicate packet seq=2359131067 (expected: 2359131073)
[DUP] Duplicate packet seq=2359131126 (expected: 2359131133)
[DUP] Duplicate packet seq=2359131159 (expected: 2359131164)
[DUP] Duplicate packet seq=2359131189 (expected: 2359131193)
[DUP] Duplicate packet seq=2359131243 (expected: 2359131245)
[DUP] Duplicate packet seq=2359131290 (expected: 2359131295)
[DUP] Duplicate packet seq=2359131322 (expected: 2359131326)
[DUP] Duplicate packet seq=2359131370 (expected: 2359131373)
[DUP] Duplicate packet seq=2359131481 (expected: 2359131484)
[DUP] Duplicate packet seq=2359131544 (expected: 2359131547)
[DUP] Duplicate packet seq=2359131570 (expected: 2359131574)
[DUP] Duplicate packet seq=2359131601 (expected: 2359131606)
[DUP] Duplicate packet seq=2359131649 (expected: 2359131656)
[DUP] Duplicate packet seq=2359131671 (expected: 2359131676)
[DUP] Duplicate packet seq=2359131719 (expected: 2359131724)
[DUP] Duplicate packet seq=2359131882 (expected: 2359131890)
[DUP] Duplicate packet seq=2359131892 (expected: 2359131897)
[DUP] Duplicate packet seq=2359131911 (expected: 2359131914)
[DUP] Duplicate packet seq=2359131959 (expected: 2359131964)
[DUP] Duplicate packet seq=2359131985 (expected: 2359131990)
[DUP] Duplicate packet seq=2359132030 (expected: 2359132034)
[DUP] Duplicate packet seq=2359132038 (expected: 2359132040)
[DUP] Duplicate packet seq=2359132135 (expected: 2359132140)
[DUP] Duplicate packet seq=2359132152 (expected: 2359132157)
[DUP] Duplicate packet seq=2359132187 (expected: 2359132195)
[DUP] Duplicate packet seq=2359132205 (expected: 2359132207)
[DUP] Duplicate packet seq=2359132228 (expected: 2359132229)
[DUP] Duplicate packet seq=2359132275 (expected: 2359132276)
[DUP] Duplicate packet seq=2359132295 (expected: 2359132297)
[DUP] Duplicate packet seq=2359132366 (expected: 2359132371)
[DUP] Duplicate packet seq=2359132426 (expected: 2359132431)
[DUP] Duplicate packet seq=2359132426 (expected: 2359132431)
[DEBUG] Received FIN
[DEBUG] Sent FIN+ACK (burst 1/3)
[DEBUG] Final ACK received, close handshake completed
[INFO] Transfer completed
[STATS] Total packets received: 4125
[STATS] Out-of-order packets: 1002
[STATS] Duplicate packets: 84
Received 5898505 bytes in 172.258 s, avg throughput 0.032656 MiB/s
Waiting for SYN on port 9001...
[DEBUG] Received SYN from 127.0.0.1:9000
[DEBUG] Sent SYN+ACK (attempt 1/5)
[DEBUG] Sent SYN+ACK (attempt 2/5)
[DEBUG] Sent SYN+ACK (attempt 3/5)
[DEBUG] Received ACK, handshake completed
Connection established with 127.0.0.1:9000
[DEBUG] Starting data reception - Window size: 32
[DUP] Duplicate packet seq=2359441107 (expected: 2359441108)
[DUP] Duplicate packet seq=2359441120 (expected: 2359441125)
[DUP] Duplicate packet seq=2359441135 (expected: 2359441141)
[DUP] Duplicate packet seq=2359441159 (expected: 2359441160)
[DUP] Duplicate packet seq=2359441176 (expected: 2359441178)
[DUP] Duplicate packet seq=2359441200 (expected: 2359441201)
[DUP] Duplicate packet seq=2359441213 (expected: 2359441214)
[DUP] Duplicate packet seq=2359441219 (expected: 2359441223)
[DUP] Duplicate packet seq=2359441262 (expected: 2359441265)
[DUP] Duplicate packet seq=2359441322 (expected: 2359441326)
[DUP] Duplicate packet seq=2359441463 (expected: 2359441471)
[DUP] Duplicate packet seq=2359441490 (expected: 2359441496)
[DUP] Duplicate packet seq=2359441577 (expected: 2359441588)
[DUP] Duplicate packet seq=2359441600 (expected: 2359441606)
[DUP] Duplicate packet seq=2359441643 (expected: 2359441647)
[DUP] Duplicate packet seq=2359441683 (expected: 2359441689)
[DUP] Duplicate packet seq=2359441693 (expected: 2359441697)
[DUP] Duplicate packet seq=2359441742 (expected: 2359441744)
[DUP] Duplicate packet seq=2359441768 (expected: 2359441771)
[DUP] Duplicate packet seq=2359441793 (expected: 2359441795)
[DUP] Duplicate packet seq=2359441808 (expected: 2359441814)
[DUP] Duplicate packet seq=2359441830 (expected: 2359441834)
[DUP] Duplicate packet seq=2359441859 (expected: 2359441860)
[DUP] Duplicate packet seq=2359441920 (expected: 2359441922)
[DUP] Duplicate packet seq=2359442013 (expected: 2359442019)
[DUP] Duplicate packet seq=2359442024 (expected: 2359442027)
[DUP] Duplicate packet seq=2359442034 (expected: 2359442036)
[DUP] Duplicate packet seq=2359442097 (expected: 2359442101)
[DUP] Duplicate packet seq=2359442164 (expected: 2359442165)
[DUP] Duplicate packet seq=2359442196 (expected: 2359442200)
[DUP] Duplicate packet seq=2359442230 (expected: 2359442231)
[DUP] Duplicate packet seq=2359442235 (expected: 2359442238)
[DUP] Duplicate packet seq=2359442338 (expected: 2359442340)
[DUP] Duplicate packet seq=2359442343 (expected: 2359442345)
[DUP] Duplicate packet seq=2359442376 (expected: 2359442380)
[DUP] Duplicate packet seq=2359442385 (expected: 2359442387)
[DUP] Duplicate packet seq=2359442419 (expected: 2359442421)
[DUP] Duplicate packet seq=2359442434 (expected: 2359442439)
[DUP] Duplicate packet seq=2359442488 (expected: 2359442490)
[DUP] Duplicate packet seq=2359442516 (expected: 2359442520)
[DUP] Duplicate packet seq=2359442556 (expected: 2359442558)
[DUP] Duplicate packet seq=2359442600 (expected: 2359442603)
[DUP] Duplicate packet seq=2359442620 (already buffered)
[DUP] Duplicate packet seq=2359442647 (expected: 2359442649)
[DUP] Duplicate packet seq=2359442691 (expected: 2359442695)
[DUP] Duplicate packet seq=2359442905 (expected: 2359442910)
[DUP] Duplicate packet seq=2359442917 (expected: 2359442918)
[DUP] Duplicate packet seq=2359442999 (expected: 2359443002)
[DUP] Duplicate packet seq=2359443038 (expected: 2359443043)
[DUP] Duplicate packet seq=2359443126 (expected: 2359443127)
[DUP] Duplicate packet seq=2359443212 (expected: 2359443217)
[DUP] Duplicate packet seq=2359443262 (expected: 2359443267)
[DUP] Duplicate packet seq=2359443322 (expected: 2359443326)
[DUP] Duplicate packet seq=2359443343 (expected: 2359443346)
[DUP] Duplicate packet seq=2359443348 (expected: 2359443352)
[DUP] Duplicate packet seq=2359443409 (expected: 2359443411)
[DUP] Duplicate packet seq=2359443422 (expected: 2359443427)
[DUP] Duplicate packet seq=2359443513 (expected: 2359443517)
[DUP] Duplicate packet seq=2359443539 (expected: 2359443541)
[DUP] Duplicate packet seq=2359443557 (expected: 2359443561)
[DUP] Duplicate packet seq=2359443667 (expected: 2359443675)
[DUP] Duplicate packet seq=2359443679 (expected: 2359443683)
[DUP] Duplicate packet seq=2359443696 (expected: 2359443699)
[DUP] Duplicate packet seq=2359443699 (expected: 2359443701)
[DUP] Duplicate packet seq=2359443702 (expected: 2359443703)
[DUP] Duplicate packet seq=2359443729 (expected: 2359443732)
[DUP] Duplicate packet seq=2359443761 (expected: 2359443766)
[DUP] Duplicate packet seq=2359443772 (expected: 2359443776)
[DUP] Duplicate packet seq=2359443820 (expected: 2359443824)
[DUP] Duplicate packet seq=2359443847 (expected: 2359443849)
[DUP] Duplicate packet seq=2359443881 (expected: 2359443883)
[DUP] Duplicate packet seq=2359443892 (expected: 2359443893)
[DUP] Duplicate packet seq=2359443892 (expected: 2359443896)
[DUP] Duplicate packet seq=2359443905 (expected: 2359443908)
[DUP] Duplicate packet seq=2359443946 (expected: 2359443949)
[DUP] Duplicate packet seq=2359444040 (expected: 2359444044)
[DUP] Duplicate packet seq=2359444040 (expected: 2359444044)
[DUP] Duplicate packet seq=2359444057 (expected: 2359444063)
[DUP] Duplicate packet seq=2359444120 (expected: 2359444121)
[DUP] Duplicate packet seq=2359444183 (expected: 2359444187)
[DUP] Duplicate packet seq=2359444201 (expected: 2359444207)
[DUP] Duplicate packet seq=2359444219 (expected: 2359444223)
[DUP] Duplicate packet seq=2359444272 (expected: 2359444276)
[DUP] Duplicate packet seq=2359444307 (expected: 2359444308)
[DUP] Duplicate packet seq=2359444320 (expected: 2359444326)
[DUP] Duplicate packet seq=2359444374 (expected: 2359444375)
[DUP] Duplicate packet seq=2359444443 (expected: 2359444449)
[DUP] Duplicate packet seq=2359444532 (expected: 2359444537)
[DUP] Duplicate packet seq=2359444611 (expected: 2359444613)
[DUP] Duplicate packet seq=2359444683 (expected: 2359444685)
[DUP] Duplicate packet seq=2359444683 (expected: 2359444685)
[DUP] Duplicate packet seq=2359444743 (expected: 2359444748)
[DUP] Duplicate packet seq=2359444754 (expected: 2359444758)
[DUP] Duplicate packet seq=2359444780 (expected: 2359444785)
[DUP] Duplicate packet seq=2359444831 (expected: 2359444832)
[DUP] Duplicate packet seq=2359444848 (expected: 2359444852)
[DUP] Duplicate packet seq=2359445031 (expected: 2359445033)
[DUP] Duplicate packet seq=2359445107 (expected: 2359445112)
[DEBUG] Received FIN
[DEBUG] Sent FIN+ACK (burst 1/3)
[DEBUG] Final ACK received, close handshake completed
[INFO] Transfer completed
[STATS] Total packets received: 4139
[STATS] Out-of-order packets: 1055
[STATS] Duplicate packets: 98
Received 5898505 bytes in 228.106 s, avg throughput 0.0246607 MiB/s
Waiting for SYN on port 9001...
[DEBUG] Received SYN from 127.0.0.1:9000
[DEBUG] Sent SYN+ACK (attempt 1/5)
[DEBUG] Received ACK, handshake completed
Connection established with 127.0.0.1:9000
[DEBUG] Starting data reception - Window size: 32
[DUP] Duplicate packet seq=2360120194 (expected: 2360120203)
[DUP] Duplicate packet seq=2360120217 (expected: 2360120218)
[DUP] Duplicate packet seq=2360120230 (expected: 2360120231)
[DUP] Duplicate packet seq=2360120394 (expected: 2360120396)
[DUP] Duplicate packet seq=2360120394 (expected: 2360120396)
[DUP] Duplicate packet seq=2360120481 (expected: 2360120487)
[DUP] Duplicate packet seq=2360120564 (expected: 2360120566)
[DUP] Duplicate packet seq=2360120659 (expected: 2360120662)
[DUP] Duplicate packet seq=2360120669 (expected: 2360120672)
[DUP] Duplicate packet seq=2360120714 (expected: 2360120718)
[DUP] Duplicate packet seq=2360120766 (expected: 2360120773)
[DUP] Duplicate packet seq=2360120802 (expected: 2360120804)
[DUP] Duplicate packet seq=2360120804 (expected: 2360120806)
[DUP] Duplicate packet seq=2360120806 (expected: 2360120808)
[DUP] Duplicate packet seq=2360120826 (expected: 2360120827)
[DUP] Duplicate packet seq=2360120839 (expected: 2360120844)
[DUP] Duplicate packet seq=2360120975 (expected: 2360120980)
[DUP] Duplicate packet seq=2360120983 (expected: 2360120987)
[DUP] Duplicate packet seq=2360121032 (expected: 2360121037)
[DUP] Duplicate packet seq=2360121043 (expected: 2360121045)
[DUP] Duplicate packet seq=2360121055 (expected: 2360121059)
[DUP] Duplicate packet seq=2360121157 (expected: 2360121162)
[DUP] Duplicate packet seq=2360121165 (expected: 2360121166)
[DUP] Duplicate packet seq=2360121172 (expected: 2360121176)
[DUP] Duplicate packet seq=2360121274 (expected: 2360121293)
[DUP] Duplicate packet seq=2360121330 (already buffered)
[DUP] Duplicate packet seq=2360121381 (expected: 2360121383)
[DUP] Duplicate packet seq=2360121410 (expected: 2360121415)
[DUP] Duplicate packet seq=2360121425 (expected: 2360121430)
[DUP] Duplicate packet seq=2360121484 (expected: 2360121490)
[DUP] Duplicate packet seq=2360121521 (expected: 2360121526)
[RST] Received RST from sender, connection reset
[INFO] Transfer completed
[STATS] Total packets received: 1403
[STATS] Out-of-order packets: 389
[STATS] Duplicate packets: 31
Received 2003120 bytes in 149.445 s, avg throughput 0.0127828 MiB/s
Waiting for SYN on port 9001...
[DEBUG] Received SYN from 127.0.0.1:9000
[DEBUG] Sent SYN+ACK (attempt 1/5)
[DEBUG] Received ACK, handshake completed
Connection established with 127.0.0.1:9000
[DEBUG] Starting data reception - Window size: 32
[DUP] Duplicate packet seq=2361178678 (expected: 2361178682)
[DUP] Duplicate packet seq=2361178725 (expected: 2361178729)
[DUP] Duplicate packet seq=2361178816 (expected: 2361178817)
[DUP] Duplicate packet seq=2361178889 (expected: 2361178892)
[DUP] Duplicate packet seq=2361178955 (expected: 2361178959)
[DUP] Duplicate packet seq=2361178959 (expected: 2361178963)
[DUP] Duplicate packet seq=2361178965 (expected: 2361178969)
[DUP] Duplicate packet seq=2361178968 (expected: 2361178969)
[DUP] Duplicate packet seq=2361179002 (expected: 2361179012)
[DUP] Duplicate packet seq=2361179014 (expected: 2361179016)
[DUP] Duplicate packet seq=2361179018 (expected: 2361179020)
[DUP] Duplicate packet seq=2361179019 (expected: 2361179020)
[DUP] Duplicate packet seq=2361179025 (expected: 2361179026)
[DUP] Duplicate packet seq=2361179066 (expected: 2361179073)
[DUP] Duplicate packet seq=2361179134 (expected: 2361179140)
[DUP] Duplicate packet seq=2361179143 (expected: 2361179147)
[DUP] Duplicate packet seq=2361179153 (expected: 2361179157)
[DUP] Duplicate packet seq=2361179217 (expected: 2361179225)
[DUP] Duplicate packet seq=2361179228 (expected: 2361179230)
[DUP] Duplicate packet seq=2361179233 (expected: 2361179236)
[DUP] Duplicate packet seq=2361179260 (expected: 2361179262)
[DUP] Duplicate packet seq=2361179261 (expected: 2361179262)
[DUP] Duplicate packet seq=2361179272 (expected: 2361179276)
[DUP] Duplicate packet seq=2361179296 (expected: 2361179299)
[DUP] Duplicate packet seq=2361179304 (expected: 2361179305)
[DUP] Duplicate packet seq=2361179346 (expected: 2361179348)
[DUP] Duplicate packet seq=2361179349 (expected: 2361179352)
[DUP] Duplicate packet seq=2361179429 (expected: 2361179433)
[DUP] Duplicate packet seq=2361179454 (expected: 2361179456)
[DUP] Duplicate packet seq=2361179602 (expected: 2361179603)
[DUP] Duplicate packet seq=2361179630 (expected: 2361179634)
[DUP] Duplicate packet seq=2361179666 (expected: 2361179667)
[DUP] Duplicate packet seq=2361179667 (expected: 2361179670)
[DUP] Duplicate packet seq=2361179684 (expected: 2361179685)
[DUP] Duplicate packet seq=2361179693 (expected: 2361179695)
[DUP] Duplicate packet seq=2361179786 (expected: 2361179791)
[DUP] Duplicate packet seq=2361179810 (expected: 2361179814)
[DUP] Duplicate packet seq=2361179825 (expected: 2361179829)
[DUP] Duplicate packet seq=2361179834 (expected: 2361179835)
[DUP] Duplicate packet seq=2361179839 (expected: 2361179840)
[DUP] Duplicate packet seq=2361179876 (expected: 2361179877)
[DUP] Duplicate packet seq=2361179952 (expected: 2361179956)
[DUP] Duplicate packet seq=2361179978 (expected: 2361179979)
[DUP] Duplicate packet seq=2361179995 (expected: 2361179996)
[DUP] Duplicate packet seq=2361179998 (expected: 2361180000)
[DUP] Duplicate packet seq=2361180070 (expected: 2361180074)
[DUP] Duplicate packet seq=2361180108 (expected: 2361180114)
[DUP] Duplicate packet seq=2361180139 (expected: 2361180146)
[DUP] Duplicate packet seq=2361180175 (expected: 2361180181)
[DUP] Duplicate packet seq=2361180246 (expected: 2361180248)
[DUP] Duplicate packet seq=2361180250 (expected: 2361180254)
[DUP] Duplicate packet seq=2361180256 (expected: 2361180260)
[DUP] Duplicate packet seq=2361180256 (expected: 2361180260)
[DUP] Duplicate packet seq=2361180294 (expected: 2361180297)
[DUP] Duplicate packet seq=2361180350 (expected: 2361180353)
[DUP] Duplicate packet seq=2361180378 (expected: 2361180382)
[DUP] Duplicate packet seq=2361180388 (expected: 2361180393)
[DUP] Duplicate packet seq=2361180442 (expected: 2361180443)
[DUP] Duplicate packet seq=2361180443 (expected: 2361180445)
[DUP] Duplicate packet seq=2361180454 (expected: 2361180458)
[DUP] Duplicate packet seq=2361180467 (expected: 2361180471)
[DUP] Duplicate packet seq=2361180551 (expected: 2361180553)
[DUP] Duplicate packet seq=2361180553 (expected: 2361180555)
[DUP] Duplicate packet seq=2361180570 (expected: 2361180571)
[DUP] Duplicate packet seq=2361180600 (expected: 2361180603)
[DUP] Duplicate packet seq=2361180615 (expected: 2361180619)
[DUP] Duplicate packet seq=2361180658 (expected: 2361180660)
[DUP] Duplicate packet seq=2361180735 (expected: 2361180737)
[DUP] Duplicate packet seq=2361180827 (expected: 2361180832)
[DUP] Duplicate packet seq=2361180897 (expected: 2361180902)
[DUP] Duplicate packet seq=2361180916 (expected: 2361180922)
[DUP] Duplicate packet seq=2361180923 (expected: 2361180927)
[DUP] Duplicate packet seq=2361180971 (expected: 2361180972)
[DUP] Duplicate packet seq=2361181036 (expected: 2361181040)
[RST] Received RST from sender, connection reset
[INFO] Transfer completed
[STATS] Total packets received: 2509
[STATS] Out-of-order packets: 649
[STATS] Duplicate packets: 74
Received 3555100 bytes in 274.403 s, avg throughput 0.0123556 MiB/s
Waiting for SYN on port 9001...
[DEBUG] Received SYN from 127.0.0.1:9000
[DEBUG] Sent SYN+ACK (attempt 1/5)
[DEBUG] Received ACK, handshake completed
Connection established with 127.0.0.1:9000
[DEBUG] Starting data reception - Window size: 32
[DUP] Duplicate packet seq=2361581994 (expected: 2361581998)
[DUP] Duplicate packet seq=2361582005 (expected: 2361582007)
[DUP] Duplicate packet seq=2361582052 (expected: 2361582058)
[DUP] Duplicate packet seq=2361582101 (expected: 2361582105)
[DUP] Duplicate packet seq=2361582197 (expected: 2361582202)
[DUP] Duplicate packet seq=2361582283 (expected: 2361582286)
[DUP] Duplicate packet seq=2361582286 (expected: 2361582290)
[DUP] Duplicate packet seq=2361582310 (expected: 2361582315)
[DUP] Duplicate packet seq=2361582354 (expected: 2361582357)
[DUP] Duplicate packet seq=2361582373 (expected: 2361582377)
[DUP] Duplicate packet seq=2361582373 (expected: 2361582377)
[DUP] Duplicate packet seq=2361582455 (expected: 2361582457)
[DUP] Duplicate packet seq=2361582555 (expected: 2361582562)
[DUP] Duplicate packet seq=2361582567 (expected: 2361582572)
[DUP] Duplicate packet seq=2361582628 (expected: 2361582630)
[DUP] Duplicate packet seq=2361582803 (expected: 2361582806)
[DUP] Duplicate packet seq=2361582811 (expected: 2361582813)
[DUP] Duplicate packet seq=2361582811 (expected: 2361582813)
[DUP] Duplicate packet seq=2361582833 (expected: 2361582837)
[DUP] Duplicate packet seq=2361582833 (expected: 2361582837)
[DUP] Duplicate packet seq=2361582873 (expected: 2361582874)
[DUP] Duplicate packet seq=2361582966 (expected: 2361582971)
[DUP] Duplicate packet seq=2361582966 (expected: 2361582971)
[DUP] Duplicate packet seq=2361582996 (expected: 2361582997)
[DUP] Duplicate packet seq=2361583027 (expected: 2361583028)
[DUP] Duplicate packet seq=2361583069 (expected: 2361583072)
[DUP] Duplicate packet seq=2361583086 (expected: 2361583090)
[DUP] Duplicate packet seq=2361583137 (expected: 2361583139)
[DUP] Duplicate packet seq=2361583141 (expected: 2361583143)
[DUP] Duplicate packet seq=2361583154 (expected: 2361583157)
[DUP] Duplicate packet seq=2361583171 (expected: 2361583175)
[DUP] Duplicate packet seq=2361583235 (expected: 2361583239)
[DUP] Duplicate packet seq=2361583253 (expected: 2361583259)
[DUP] Duplicate packet seq=2361583264 (expected: 2361583268)
[DUP] Duplicate packet seq=2361583307 (expected: 2361583310)
[DUP] Duplicate packet seq=2361583320 (expected: 2361583321)
[DUP] Duplicate packet seq=2361583344 (expected: 2361583345)
[DUP] Duplicate packet seq=2361583483 (expected: 2361583485)
[DUP] Duplicate packet seq=2361583511 (expected: 2361583515)
[DUP] Duplicate packet seq=2361583587 (expected: 2361583592)
[DUP] Duplicate packet seq=2361583647 (expected: 2361583648)
[DUP] Duplicate packet seq=2361583746 (expected: 2361583749)
[DUP] Duplicate packet seq=2361583750 (expected: 2361583753)
[DUP] Duplicate packet seq=2361583816 (expected: 2361583817)
[DUP] Duplicate packet seq=2361583933 (expected: 2361583934)
[DUP] Duplicate packet seq=2361583934 (expected: 2361583936)
[DUP] Duplicate packet seq=2361583958 (expected: 2361583961)
[DUP] Duplicate packet seq=2361583987 (expected: 2361583993)
[DUP] Duplicate packet seq=2361584113 (expected: 2361584119)
[DUP] Duplicate packet seq=2361584127 (expected: 2361584132)
[DUP] Duplicate packet seq=2361584138 (expected: 2361584139)
[DUP] Duplicate packet seq=2361584170 (expected: 2361584177)
[DUP] Duplicate packet seq=2361584183 (expected: 2361584187)
[DUP] Duplicate packet seq=2361584229 (expected: 2361584234)
[DUP] Duplicate packet seq=2361584240 (expected: 2361584245)
[DUP] Duplicate packet seq=2361584247 (expected: 2361584251)
[DUP] Duplicate packet seq=2361584286 (expected: 2361584288)
[DUP] Duplicate packet seq=2361584306 (expected: 2361584308)
[DUP] Duplicate packet seq=2361584314 (expected: 2361584317)
[DUP] Duplicate packet seq=2361584376 (expected: 2361584381)
[DUP] Duplicate packet seq=2361584388 (expected: 2361584393)
[DUP] Duplicate packet seq=2361584495 (expected: 2361584496)
[DUP] Duplicate packet seq=2361584567 (expected: 2361584570)
[DUP] Duplicate packet seq=2361584584 (expected: 2361584588)
[DUP] Duplicate packet seq=2361584672 (expected: 2361584674)
[DUP] Duplicate packet seq=2361584700 (expected: 2361584702)
[DUP] Duplicate packet seq=2361584711 (expected: 2361584713)
[DUP] Duplicate packet seq=2361584742 (expected: 2361584746)
[DUP] Duplicate packet seq=2361584746 (expected: 2361584750)
[DUP] Duplicate packet seq=2361584762 (expected: 2361584767)
[DUP] Duplicate packet seq=2361584876 (expected: 2361584877)
[DUP] Duplicate packet seq=2361584898 (expected: 2361584901)
[DUP] Duplicate packet seq=2361585046 (expected: 2361585049)
[DUP] Duplicate packet seq=2361585046 (expected: 2361585049)
[DUP] Duplicate packet seq=2361585063 (expected: 2361585068)
[DUP] Duplicate packet seq=2361585081 (expected: 2361585088)
[DUP] Duplicate packet seq=2361585132 (expected: 2361585140)
[DUP] Duplicate packet seq=2361585151 (expected: 2361585157)
[DUP] Duplicate packet seq=2361585232 (expected: 2361585236)
[DUP] Duplicate packet seq=2361585236 (expected: 2361585238)
[DUP] Duplicate packet seq=2361585307 (expected: 2361585310)
[DUP] Duplicate packet seq=2361585341 (expected: 2361585346)
[DUP] Duplicate packet seq=2361585393 (expected: 2361585395)
[DUP] Duplicate packet seq=2361585493 (expected: 2361585498)
[DUP] Duplicate packet seq=2361585529 (expected: 2361585531)
[DUP] Duplicate packet seq=2361585531 (expected: 2361585533)
[DUP] Duplicate packet seq=2361585542 (expected: 2361585547)
[DUP] Duplicate packet seq=2361585660 (expected: 2361585665)
[DUP] Duplicate packet seq=2361585676 (expected: 2361585680)
[DUP] Duplicate packet seq=2361585676 (expected: 2361585680)
[DUP] Duplicate packet seq=2361585682 (expected: 2361585686)
[DUP] Duplicate packet seq=2361585697 (expected: 2361585698)
[DUP] Duplicate packet seq=2361585702 (expected: 2361585705)
[DUP] Duplicate packet seq=2361585741 (expected: 2361585745)
[DUP] Duplicate packet seq=2361585776 (expected: 2361585784)
[DUP] Duplicate packet seq=2361585820 (expected: 2361585826)
[DUP] Duplicate packet seq=2361585830 (expected: 2361585833)
[DUP] Duplicate packet seq=2361585912 (expected: 2361585918)
[DUP] Duplicate packet seq=2361585933 (expected: 2361585937)
[DUP] Duplicate packet seq=2361585968 (expected: 2361585970)
[DEBUG] Received FIN
[DEBUG] Sent FIN+ACK (burst 1/3)
[DEBUG] Final ACK received, close handshake completed
[INFO] Transfer completed
[STATS] Total packets received: 4141
[STATS] Out-of-order packets: 1085
[STATS] Duplicate packets: 100
Received 5898505 bytes in 464.434 s, avg throughput 0.0121121 MiB/s
